<?xml version="1.0" encoding="UTF-8"?>
<!-- Generated by org.testng.reporters.JUnitReportReporter -->
<testsuite hostname="DESKTOP-HBT5FNJ" failures="0" tests="1" name="org.sample.SampleUpload" time="11.749" errors="0" timestamp="2024-09-15T20:23:33 IST" skipped="0">
  <testcase classname="org.sample.SampleUpload" name="verifyFacebookTitle" time="11.749"/>
</testsuite> <!-- org.sample.SampleUpload -->
